[2025-05-15T21:09:55.376+0000] {local_task_job_runner.py:123} INFO - ::group::Pre task execution logs
[2025-05-15T21:09:55.402+0000] {taskinstance.py:2614} INFO - Dependencies all met for dep_context=non-requeueable deps ti=<TaskInstance: update_manga_database.update_all_databases manual__2025-05-15T21:09:07.164618+00:00 [queued]>
[2025-05-15T21:09:55.416+0000] {taskinstance.py:2614} INFO - Dependencies all met for dep_context=requeueable deps ti=<TaskInstance: update_manga_database.update_all_databases manual__2025-05-15T21:09:07.164618+00:00 [queued]>
[2025-05-15T21:09:55.417+0000] {taskinstance.py:2867} INFO - Starting attempt 2 of 2
[2025-05-15T21:09:55.432+0000] {taskinstance.py:2890} INFO - Executing <Task(_PythonDecoratedOperator): update_all_databases> on 2025-05-15 21:09:07.164618+00:00
[2025-05-15T21:09:55.442+0000] {warnings.py:112} WARNING - /home/***/.local/lib/python3.12/site-packages/***/task/task_runner/standard_task_runner.py:70: DeprecationWarning: This process (pid=2743) is multi-threaded, use of fork() may lead to deadlocks in the child.
  pid = os.fork()

[2025-05-15T21:09:55.444+0000] {standard_task_runner.py:72} INFO - Started process 2748 to run task
[2025-05-15T21:09:55.446+0000] {standard_task_runner.py:104} INFO - Running: ['***', 'tasks', 'run', 'update_manga_database', 'update_all_databases', 'manual__2025-05-15T21:09:07.164618+00:00', '--job-id', '36', '--raw', '--subdir', 'DAGS_FOLDER/update_manga_database_dag.py', '--cfg-path', '/tmp/tmp1qmvyluc']
[2025-05-15T21:09:55.447+0000] {standard_task_runner.py:105} INFO - Job 36: Subtask update_all_databases
[2025-05-15T21:09:55.501+0000] {task_command.py:467} INFO - Running <TaskInstance: update_manga_database.update_all_databases manual__2025-05-15T21:09:07.164618+00:00 [running]> on host 3729034b4972
[2025-05-15T21:09:55.617+0000] {taskinstance.py:3134} INFO - Exporting env vars: AIRFLOW_CTX_DAG_OWNER='***' AIRFLOW_CTX_DAG_ID='update_manga_database' AIRFLOW_CTX_TASK_ID='update_all_databases' AIRFLOW_CTX_EXECUTION_DATE='2025-05-15T21:09:07.164618+00:00' AIRFLOW_CTX_TRY_NUMBER='2' AIRFLOW_CTX_DAG_RUN_ID='manual__2025-05-15T21:09:07.164618+00:00'
[2025-05-15T21:09:55.619+0000] {logging_mixin.py:190} INFO - Task instance is in running state
[2025-05-15T21:09:55.619+0000] {logging_mixin.py:190} INFO -  Previous state of the Task instance: queued
[2025-05-15T21:09:55.620+0000] {logging_mixin.py:190} INFO - Current task name:update_all_databases state:running start_date:2025-05-15 21:09:55.403777+00:00
[2025-05-15T21:09:55.621+0000] {logging_mixin.py:190} INFO - Dag name:update_manga_database and current dag run status:running
[2025-05-15T21:09:55.622+0000] {taskinstance.py:732} INFO - ::endgroup::
[2025-05-15T21:09:55.623+0000] {log.py:232} WARNING - 2025-05-15 21:09:55,623 - INFO: Starting all database updates
[2025-05-15T21:09:55.623+0000] {update_manga_database_dag.py:396} INFO - Starting all database updates
[2025-05-15T21:09:55.635+0000] {log.py:232} WARNING - 2025-05-15 21:09:55,635 - INFO: Transaction started
[2025-05-15T21:09:55.635+0000] {update_manga_database_dag.py:72} INFO - Transaction started
[2025-05-15T21:09:55.642+0000] {log.py:232} WARNING - 2025-05-15 21:09:55,641 - INFO: Checking 14 manga for updates
[2025-05-15T21:09:55.641+0000] {update_sequential.py:59} INFO - Checking 14 manga for updates
[2025-05-15T21:10:00.575+0000] {log.py:232} WARNING - 2025-05-15 21:10:00,575 - INFO: Database update complete
[2025-05-15T21:10:00.575+0000] {update_sequential.py:119} INFO - Database update complete
[2025-05-15T21:10:00.577+0000] {log.py:232} WARNING - 2025-05-15 21:10:00,577 - INFO: SUMMARY: 0 manga updated, 0 manga added
[2025-05-15T21:10:00.577+0000] {update_sequential.py:120} INFO - SUMMARY: 0 manga updated, 0 manga added
[2025-05-15T21:10:00.579+0000] {log.py:232} WARNING - 2025-05-15 21:10:00,578 - INFO: Updated 0 manga
[2025-05-15T21:10:00.578+0000] {update_manga_database_dag.py:412} INFO - Updated 0 manga
[2025-05-15T21:10:00.581+0000] {log.py:232} WARNING - 2025-05-15 21:10:00,580 - INFO: Checking 37 chapters across 14 manga
[2025-05-15T21:10:00.580+0000] {update_sequential.py:175} INFO - Checking 37 chapters across 14 manga
[2025-05-15T21:10:01.163+0000] {log.py:232} WARNING - 2025-05-15 21:10:01,163 - INFO: Processing manga 236ab0cf-a5ef-4039-8e0a-f4cfe4660424, chapter 1.1 (en)
[2025-05-15T21:10:01.163+0000] {update_sequential.py:209} INFO - Processing manga 236ab0cf-a5ef-4039-8e0a-f4cfe4660424, chapter 1.1 (en)
[2025-05-15T21:10:01.165+0000] {log.py:232} WARNING - 2025-05-15 21:10:01,165 - INFO: Adding new chapter 1.1 (en) for manga 236ab0cf-a5ef-4039-8e0a-f4cfe4660424
[2025-05-15T21:10:01.165+0000] {update_sequential.py:244} INFO - Adding new chapter 1.1 (en) for manga 236ab0cf-a5ef-4039-8e0a-f4cfe4660424
[2025-05-15T21:10:01.455+0000] {log.py:232} WARNING - 2025-05-15 21:10:01,454 - INFO: Processing manga e82fb7dd-edff-4593-9fff-760f018f6703, chapter None (es-la)
[2025-05-15T21:10:01.454+0000] {update_sequential.py:209} INFO - Processing manga e82fb7dd-edff-4593-9fff-760f018f6703, chapter None (es-la)
[2025-05-15T21:10:01.456+0000] {log.py:232} WARNING - 2025-05-15 21:10:01,456 - INFO: Adding new chapter None (es-la) for manga e82fb7dd-edff-4593-9fff-760f018f6703
[2025-05-15T21:10:01.456+0000] {update_sequential.py:244} INFO - Adding new chapter None (es-la) for manga e82fb7dd-edff-4593-9fff-760f018f6703
[2025-05-15T21:10:01.746+0000] {log.py:232} WARNING - 2025-05-15 21:10:01,745 - INFO: Processing manga 192ec1c9-eb9a-4771-bb79-2b9bb4adbe0e, chapter 1 (en)
[2025-05-15T21:10:01.745+0000] {update_sequential.py:209} INFO - Processing manga 192ec1c9-eb9a-4771-bb79-2b9bb4adbe0e, chapter 1 (en)
[2025-05-15T21:10:01.748+0000] {log.py:232} WARNING - 2025-05-15 21:10:01,747 - INFO: Adding new chapter 1 (en) for manga 192ec1c9-eb9a-4771-bb79-2b9bb4adbe0e
[2025-05-15T21:10:01.747+0000] {update_sequential.py:244} INFO - Adding new chapter 1 (en) for manga 192ec1c9-eb9a-4771-bb79-2b9bb4adbe0e
[2025-05-15T21:10:02.041+0000] {log.py:232} WARNING - 2025-05-15 21:10:02,039 - INFO: Processing manga 192ec1c9-eb9a-4771-bb79-2b9bb4adbe0e, chapter 2 (en)
[2025-05-15T21:10:02.039+0000] {update_sequential.py:209} INFO - Processing manga 192ec1c9-eb9a-4771-bb79-2b9bb4adbe0e, chapter 2 (en)
[2025-05-15T21:10:02.042+0000] {log.py:232} WARNING - 2025-05-15 21:10:02,042 - INFO: Adding new chapter 2 (en) for manga 192ec1c9-eb9a-4771-bb79-2b9bb4adbe0e
[2025-05-15T21:10:02.042+0000] {update_sequential.py:244} INFO - Adding new chapter 2 (en) for manga 192ec1c9-eb9a-4771-bb79-2b9bb4adbe0e
[2025-05-15T21:10:02.333+0000] {log.py:232} WARNING - 2025-05-15 21:10:02,332 - INFO: Processing manga 192ec1c9-eb9a-4771-bb79-2b9bb4adbe0e, chapter 3 (en)
[2025-05-15T21:10:02.332+0000] {update_sequential.py:209} INFO - Processing manga 192ec1c9-eb9a-4771-bb79-2b9bb4adbe0e, chapter 3 (en)
[2025-05-15T21:10:02.334+0000] {log.py:232} WARNING - 2025-05-15 21:10:02,334 - INFO: Adding new chapter 3 (en) for manga 192ec1c9-eb9a-4771-bb79-2b9bb4adbe0e
[2025-05-15T21:10:02.334+0000] {update_sequential.py:244} INFO - Adding new chapter 3 (en) for manga 192ec1c9-eb9a-4771-bb79-2b9bb4adbe0e
[2025-05-15T21:10:02.624+0000] {log.py:232} WARNING - 2025-05-15 21:10:02,624 - INFO: Processing manga 3de96e80-6feb-450c-a169-053d40c01063, chapter 1 (en)
[2025-05-15T21:10:02.624+0000] {update_sequential.py:209} INFO - Processing manga 3de96e80-6feb-450c-a169-053d40c01063, chapter 1 (en)
[2025-05-15T21:10:02.626+0000] {log.py:232} WARNING - 2025-05-15 21:10:02,626 - INFO: Adding new chapter 1 (en) for manga 3de96e80-6feb-450c-a169-053d40c01063
[2025-05-15T21:10:02.626+0000] {update_sequential.py:244} INFO - Adding new chapter 1 (en) for manga 3de96e80-6feb-450c-a169-053d40c01063
[2025-05-15T21:10:02.917+0000] {log.py:232} WARNING - 2025-05-15 21:10:02,916 - INFO: Processing manga 3de96e80-6feb-450c-a169-053d40c01063, chapter 2 (en)
[2025-05-15T21:10:02.916+0000] {update_sequential.py:209} INFO - Processing manga 3de96e80-6feb-450c-a169-053d40c01063, chapter 2 (en)
[2025-05-15T21:10:02.918+0000] {log.py:232} WARNING - 2025-05-15 21:10:02,918 - INFO: Adding new chapter 2 (en) for manga 3de96e80-6feb-450c-a169-053d40c01063
[2025-05-15T21:10:02.918+0000] {update_sequential.py:244} INFO - Adding new chapter 2 (en) for manga 3de96e80-6feb-450c-a169-053d40c01063
[2025-05-15T21:10:03.209+0000] {log.py:232} WARNING - 2025-05-15 21:10:03,208 - INFO: Processing manga 3de96e80-6feb-450c-a169-053d40c01063, chapter 3 (en)
[2025-05-15T21:10:03.208+0000] {update_sequential.py:209} INFO - Processing manga 3de96e80-6feb-450c-a169-053d40c01063, chapter 3 (en)
[2025-05-15T21:10:03.210+0000] {log.py:232} WARNING - 2025-05-15 21:10:03,210 - INFO: Adding new chapter 3 (en) for manga 3de96e80-6feb-450c-a169-053d40c01063
[2025-05-15T21:10:03.210+0000] {update_sequential.py:244} INFO - Adding new chapter 3 (en) for manga 3de96e80-6feb-450c-a169-053d40c01063
[2025-05-15T21:10:03.503+0000] {log.py:232} WARNING - 2025-05-15 21:10:03,502 - INFO: Processing manga 3de96e80-6feb-450c-a169-053d40c01063, chapter 4 (en)
[2025-05-15T21:10:03.502+0000] {update_sequential.py:209} INFO - Processing manga 3de96e80-6feb-450c-a169-053d40c01063, chapter 4 (en)
[2025-05-15T21:10:03.504+0000] {log.py:232} WARNING - 2025-05-15 21:10:03,504 - INFO: Adding new chapter 4 (en) for manga 3de96e80-6feb-450c-a169-053d40c01063
[2025-05-15T21:10:03.504+0000] {update_sequential.py:244} INFO - Adding new chapter 4 (en) for manga 3de96e80-6feb-450c-a169-053d40c01063
[2025-05-15T21:10:03.795+0000] {log.py:232} WARNING - 2025-05-15 21:10:03,795 - INFO: Processing manga 8dbb4f57-4e35-4fa6-88c7-2d8f8334d8db, chapter 1 (en)
[2025-05-15T21:10:03.795+0000] {update_sequential.py:209} INFO - Processing manga 8dbb4f57-4e35-4fa6-88c7-2d8f8334d8db, chapter 1 (en)
[2025-05-15T21:10:03.797+0000] {log.py:232} WARNING - 2025-05-15 21:10:03,797 - INFO: Adding new chapter 1 (en) for manga 8dbb4f57-4e35-4fa6-88c7-2d8f8334d8db
[2025-05-15T21:10:03.797+0000] {update_sequential.py:244} INFO - Adding new chapter 1 (en) for manga 8dbb4f57-4e35-4fa6-88c7-2d8f8334d8db
[2025-05-15T21:10:04.089+0000] {log.py:232} WARNING - 2025-05-15 21:10:04,088 - INFO: Processing manga 8dbb4f57-4e35-4fa6-88c7-2d8f8334d8db, chapter 2 (en)
[2025-05-15T21:10:04.088+0000] {update_sequential.py:209} INFO - Processing manga 8dbb4f57-4e35-4fa6-88c7-2d8f8334d8db, chapter 2 (en)
[2025-05-15T21:10:04.093+0000] {log.py:232} WARNING - 2025-05-15 21:10:04,092 - INFO: Adding new chapter 2 (en) for manga 8dbb4f57-4e35-4fa6-88c7-2d8f8334d8db
[2025-05-15T21:10:04.092+0000] {update_sequential.py:244} INFO - Adding new chapter 2 (en) for manga 8dbb4f57-4e35-4fa6-88c7-2d8f8334d8db
[2025-05-15T21:10:04.392+0000] {log.py:232} WARNING - 2025-05-15 21:10:04,391 - INFO: Processing manga 8dbb4f57-4e35-4fa6-88c7-2d8f8334d8db, chapter 3 (en)
[2025-05-15T21:10:04.391+0000] {update_sequential.py:209} INFO - Processing manga 8dbb4f57-4e35-4fa6-88c7-2d8f8334d8db, chapter 3 (en)
[2025-05-15T21:10:04.395+0000] {log.py:232} WARNING - 2025-05-15 21:10:04,394 - INFO: Adding new chapter 3 (en) for manga 8dbb4f57-4e35-4fa6-88c7-2d8f8334d8db
[2025-05-15T21:10:04.394+0000] {update_sequential.py:244} INFO - Adding new chapter 3 (en) for manga 8dbb4f57-4e35-4fa6-88c7-2d8f8334d8db
[2025-05-15T21:10:04.733+0000] {log.py:232} WARNING - 2025-05-15 21:10:04,719 - INFO: Processing manga 8dbb4f57-4e35-4fa6-88c7-2d8f8334d8db, chapter 4 (en)
[2025-05-15T21:10:04.719+0000] {update_sequential.py:209} INFO - Processing manga 8dbb4f57-4e35-4fa6-88c7-2d8f8334d8db, chapter 4 (en)
[2025-05-15T21:10:04.780+0000] {log.py:232} WARNING - 2025-05-15 21:10:04,774 - INFO: Adding new chapter 4 (en) for manga 8dbb4f57-4e35-4fa6-88c7-2d8f8334d8db
[2025-05-15T21:10:04.774+0000] {update_sequential.py:244} INFO - Adding new chapter 4 (en) for manga 8dbb4f57-4e35-4fa6-88c7-2d8f8334d8db
[2025-05-15T21:10:05.092+0000] {log.py:232} WARNING - 2025-05-15 21:10:05,091 - INFO: Processing manga 8dbb4f57-4e35-4fa6-88c7-2d8f8334d8db, chapter 5 (en)
[2025-05-15T21:10:05.091+0000] {update_sequential.py:209} INFO - Processing manga 8dbb4f57-4e35-4fa6-88c7-2d8f8334d8db, chapter 5 (en)
[2025-05-15T21:10:05.093+0000] {log.py:232} WARNING - 2025-05-15 21:10:05,093 - INFO: Adding new chapter 5 (en) for manga 8dbb4f57-4e35-4fa6-88c7-2d8f8334d8db
[2025-05-15T21:10:05.093+0000] {update_sequential.py:244} INFO - Adding new chapter 5 (en) for manga 8dbb4f57-4e35-4fa6-88c7-2d8f8334d8db
[2025-05-15T21:10:05.384+0000] {log.py:232} WARNING - 2025-05-15 21:10:05,383 - INFO: Processing manga 8dbb4f57-4e35-4fa6-88c7-2d8f8334d8db, chapter 6 (en)
[2025-05-15T21:10:05.383+0000] {update_sequential.py:209} INFO - Processing manga 8dbb4f57-4e35-4fa6-88c7-2d8f8334d8db, chapter 6 (en)
[2025-05-15T21:10:05.388+0000] {log.py:232} WARNING - 2025-05-15 21:10:05,388 - INFO: Adding new chapter 6 (en) for manga 8dbb4f57-4e35-4fa6-88c7-2d8f8334d8db
[2025-05-15T21:10:05.388+0000] {update_sequential.py:244} INFO - Adding new chapter 6 (en) for manga 8dbb4f57-4e35-4fa6-88c7-2d8f8334d8db
[2025-05-15T21:10:05.696+0000] {log.py:232} WARNING - 2025-05-15 21:10:05,694 - INFO: Processing manga 8dbb4f57-4e35-4fa6-88c7-2d8f8334d8db, chapter 7 (en)
[2025-05-15T21:10:05.694+0000] {update_sequential.py:209} INFO - Processing manga 8dbb4f57-4e35-4fa6-88c7-2d8f8334d8db, chapter 7 (en)
[2025-05-15T21:10:05.804+0000] {log.py:232} WARNING - 2025-05-15 21:10:05,764 - INFO: Adding new chapter 7 (en) for manga 8dbb4f57-4e35-4fa6-88c7-2d8f8334d8db
[2025-05-15T21:10:05.764+0000] {update_sequential.py:244} INFO - Adding new chapter 7 (en) for manga 8dbb4f57-4e35-4fa6-88c7-2d8f8334d8db
[2025-05-15T21:10:06.161+0000] {log.py:232} WARNING - 2025-05-15 21:10:06,159 - INFO: Processing manga 8dbb4f57-4e35-4fa6-88c7-2d8f8334d8db, chapter 8 (en)
[2025-05-15T21:10:06.159+0000] {update_sequential.py:209} INFO - Processing manga 8dbb4f57-4e35-4fa6-88c7-2d8f8334d8db, chapter 8 (en)
[2025-05-15T21:10:06.164+0000] {log.py:232} WARNING - 2025-05-15 21:10:06,163 - INFO: Adding new chapter 8 (en) for manga 8dbb4f57-4e35-4fa6-88c7-2d8f8334d8db
[2025-05-15T21:10:06.163+0000] {update_sequential.py:244} INFO - Adding new chapter 8 (en) for manga 8dbb4f57-4e35-4fa6-88c7-2d8f8334d8db
[2025-05-15T21:10:06.454+0000] {log.py:232} WARNING - 2025-05-15 21:10:06,453 - INFO: Processing manga 8dbb4f57-4e35-4fa6-88c7-2d8f8334d8db, chapter 9 (en)
[2025-05-15T21:10:06.453+0000] {update_sequential.py:209} INFO - Processing manga 8dbb4f57-4e35-4fa6-88c7-2d8f8334d8db, chapter 9 (en)
[2025-05-15T21:10:06.456+0000] {log.py:232} WARNING - 2025-05-15 21:10:06,456 - INFO: Adding new chapter 9 (en) for manga 8dbb4f57-4e35-4fa6-88c7-2d8f8334d8db
[2025-05-15T21:10:06.456+0000] {update_sequential.py:244} INFO - Adding new chapter 9 (en) for manga 8dbb4f57-4e35-4fa6-88c7-2d8f8334d8db
[2025-05-15T21:10:06.746+0000] {log.py:232} WARNING - 2025-05-15 21:10:06,746 - INFO: Processing manga 8dbb4f57-4e35-4fa6-88c7-2d8f8334d8db, chapter 10 (en)
[2025-05-15T21:10:06.746+0000] {update_sequential.py:209} INFO - Processing manga 8dbb4f57-4e35-4fa6-88c7-2d8f8334d8db, chapter 10 (en)
[2025-05-15T21:10:06.748+0000] {log.py:232} WARNING - 2025-05-15 21:10:06,748 - INFO: Adding new chapter 10 (en) for manga 8dbb4f57-4e35-4fa6-88c7-2d8f8334d8db
[2025-05-15T21:10:06.748+0000] {update_sequential.py:244} INFO - Adding new chapter 10 (en) for manga 8dbb4f57-4e35-4fa6-88c7-2d8f8334d8db
[2025-05-15T21:10:07.049+0000] {log.py:232} WARNING - 2025-05-15 21:10:07,049 - INFO: Processing manga 8dbb4f57-4e35-4fa6-88c7-2d8f8334d8db, chapter 11 (en)
[2025-05-15T21:10:07.049+0000] {update_sequential.py:209} INFO - Processing manga 8dbb4f57-4e35-4fa6-88c7-2d8f8334d8db, chapter 11 (en)
[2025-05-15T21:10:07.051+0000] {log.py:232} WARNING - 2025-05-15 21:10:07,051 - INFO: Adding new chapter 11 (en) for manga 8dbb4f57-4e35-4fa6-88c7-2d8f8334d8db
[2025-05-15T21:10:07.051+0000] {update_sequential.py:244} INFO - Adding new chapter 11 (en) for manga 8dbb4f57-4e35-4fa6-88c7-2d8f8334d8db
[2025-05-15T21:10:07.340+0000] {log.py:232} WARNING - 2025-05-15 21:10:07,340 - INFO: Processing manga 8dbb4f57-4e35-4fa6-88c7-2d8f8334d8db, chapter 12 (en)
[2025-05-15T21:10:07.340+0000] {update_sequential.py:209} INFO - Processing manga 8dbb4f57-4e35-4fa6-88c7-2d8f8334d8db, chapter 12 (en)
[2025-05-15T21:10:07.342+0000] {log.py:232} WARNING - 2025-05-15 21:10:07,342 - INFO: Adding new chapter 12 (en) for manga 8dbb4f57-4e35-4fa6-88c7-2d8f8334d8db
[2025-05-15T21:10:07.342+0000] {update_sequential.py:244} INFO - Adding new chapter 12 (en) for manga 8dbb4f57-4e35-4fa6-88c7-2d8f8334d8db
[2025-05-15T21:10:07.637+0000] {log.py:232} WARNING - 2025-05-15 21:10:07,636 - INFO: Processing manga 8dbb4f57-4e35-4fa6-88c7-2d8f8334d8db, chapter 13 (en)
[2025-05-15T21:10:07.636+0000] {update_sequential.py:209} INFO - Processing manga 8dbb4f57-4e35-4fa6-88c7-2d8f8334d8db, chapter 13 (en)
[2025-05-15T21:10:07.638+0000] {log.py:232} WARNING - 2025-05-15 21:10:07,638 - INFO: Adding new chapter 13 (en) for manga 8dbb4f57-4e35-4fa6-88c7-2d8f8334d8db
[2025-05-15T21:10:07.638+0000] {update_sequential.py:244} INFO - Adding new chapter 13 (en) for manga 8dbb4f57-4e35-4fa6-88c7-2d8f8334d8db
[2025-05-15T21:10:07.929+0000] {log.py:232} WARNING - 2025-05-15 21:10:07,928 - INFO: Processing manga 8dbb4f57-4e35-4fa6-88c7-2d8f8334d8db, chapter 14 (en)
[2025-05-15T21:10:07.928+0000] {update_sequential.py:209} INFO - Processing manga 8dbb4f57-4e35-4fa6-88c7-2d8f8334d8db, chapter 14 (en)
[2025-05-15T21:10:07.932+0000] {log.py:232} WARNING - 2025-05-15 21:10:07,931 - INFO: Adding new chapter 14 (en) for manga 8dbb4f57-4e35-4fa6-88c7-2d8f8334d8db
[2025-05-15T21:10:07.931+0000] {update_sequential.py:244} INFO - Adding new chapter 14 (en) for manga 8dbb4f57-4e35-4fa6-88c7-2d8f8334d8db
[2025-05-15T21:10:08.226+0000] {log.py:232} WARNING - 2025-05-15 21:10:08,224 - INFO: Processing manga 8dbb4f57-4e35-4fa6-88c7-2d8f8334d8db, chapter 15 (en)
[2025-05-15T21:10:08.224+0000] {update_sequential.py:209} INFO - Processing manga 8dbb4f57-4e35-4fa6-88c7-2d8f8334d8db, chapter 15 (en)
[2025-05-15T21:10:08.229+0000] {log.py:232} WARNING - 2025-05-15 21:10:08,227 - INFO: Adding new chapter 15 (en) for manga 8dbb4f57-4e35-4fa6-88c7-2d8f8334d8db
[2025-05-15T21:10:08.227+0000] {update_sequential.py:244} INFO - Adding new chapter 15 (en) for manga 8dbb4f57-4e35-4fa6-88c7-2d8f8334d8db
[2025-05-15T21:10:08.524+0000] {log.py:232} WARNING - 2025-05-15 21:10:08,523 - INFO: Processing manga e195fc69-5e5c-4410-84fe-268daef38fbc, chapter None (en)
[2025-05-15T21:10:08.523+0000] {update_sequential.py:209} INFO - Processing manga e195fc69-5e5c-4410-84fe-268daef38fbc, chapter None (en)
[2025-05-15T21:10:08.528+0000] {log.py:232} WARNING - 2025-05-15 21:10:08,527 - INFO: Chapter None (en) already exists, no change needed
[2025-05-15T21:10:08.527+0000] {update_sequential.py:237} INFO - Chapter None (en) already exists, no change needed
[2025-05-15T21:10:08.530+0000] {log.py:232} WARNING - 2025-05-15 21:10:08,530 - INFO: Processing manga e7fa5fe6-7988-4f69-a6b8-7f5c34ade5d4, chapter 1 (en)
[2025-05-15T21:10:08.530+0000] {update_sequential.py:209} INFO - Processing manga e7fa5fe6-7988-4f69-a6b8-7f5c34ade5d4, chapter 1 (en)
[2025-05-15T21:10:08.532+0000] {log.py:232} WARNING - 2025-05-15 21:10:08,532 - INFO: Chapter 1 (en) already exists, no change needed
[2025-05-15T21:10:08.532+0000] {update_sequential.py:237} INFO - Chapter 1 (en) already exists, no change needed
[2025-05-15T21:10:08.534+0000] {log.py:232} WARNING - 2025-05-15 21:10:08,534 - INFO: Processing manga e7fa5fe6-7988-4f69-a6b8-7f5c34ade5d4, chapter 2 (en)
[2025-05-15T21:10:08.534+0000] {update_sequential.py:209} INFO - Processing manga e7fa5fe6-7988-4f69-a6b8-7f5c34ade5d4, chapter 2 (en)
[2025-05-15T21:10:08.536+0000] {log.py:232} WARNING - 2025-05-15 21:10:08,535 - INFO: Chapter 2 (en) already exists, no change needed
[2025-05-15T21:10:08.535+0000] {update_sequential.py:237} INFO - Chapter 2 (en) already exists, no change needed
[2025-05-15T21:10:08.537+0000] {log.py:232} WARNING - 2025-05-15 21:10:08,537 - INFO: Processing manga e7fa5fe6-7988-4f69-a6b8-7f5c34ade5d4, chapter 3 (en)
[2025-05-15T21:10:08.537+0000] {update_sequential.py:209} INFO - Processing manga e7fa5fe6-7988-4f69-a6b8-7f5c34ade5d4, chapter 3 (en)
[2025-05-15T21:10:08.538+0000] {log.py:232} WARNING - 2025-05-15 21:10:08,538 - INFO: Chapter 3 (en) already exists, no change needed
[2025-05-15T21:10:08.538+0000] {update_sequential.py:237} INFO - Chapter 3 (en) already exists, no change needed
[2025-05-15T21:10:08.539+0000] {log.py:232} WARNING - 2025-05-15 21:10:08,539 - INFO: Processing manga e7fa5fe6-7988-4f69-a6b8-7f5c34ade5d4, chapter 4 (en)
[2025-05-15T21:10:08.539+0000] {update_sequential.py:209} INFO - Processing manga e7fa5fe6-7988-4f69-a6b8-7f5c34ade5d4, chapter 4 (en)
[2025-05-15T21:10:08.540+0000] {log.py:232} WARNING - 2025-05-15 21:10:08,540 - INFO: Chapter 4 (en) already exists, no change needed
[2025-05-15T21:10:08.540+0000] {update_sequential.py:237} INFO - Chapter 4 (en) already exists, no change needed
[2025-05-15T21:10:08.541+0000] {log.py:232} WARNING - 2025-05-15 21:10:08,541 - INFO: Processing manga e7fa5fe6-7988-4f69-a6b8-7f5c34ade5d4, chapter 5 (en)
[2025-05-15T21:10:08.541+0000] {update_sequential.py:209} INFO - Processing manga e7fa5fe6-7988-4f69-a6b8-7f5c34ade5d4, chapter 5 (en)
[2025-05-15T21:10:08.542+0000] {log.py:232} WARNING - 2025-05-15 21:10:08,542 - INFO: Chapter 5 (en) already exists, no change needed
[2025-05-15T21:10:08.542+0000] {update_sequential.py:237} INFO - Chapter 5 (en) already exists, no change needed
[2025-05-15T21:10:08.543+0000] {log.py:232} WARNING - 2025-05-15 21:10:08,543 - INFO: Processing manga e7fa5fe6-7988-4f69-a6b8-7f5c34ade5d4, chapter 6 (en)
[2025-05-15T21:10:08.543+0000] {update_sequential.py:209} INFO - Processing manga e7fa5fe6-7988-4f69-a6b8-7f5c34ade5d4, chapter 6 (en)
[2025-05-15T21:10:08.544+0000] {log.py:232} WARNING - 2025-05-15 21:10:08,544 - INFO: Chapter 6 (en) already exists, no change needed
[2025-05-15T21:10:08.544+0000] {update_sequential.py:237} INFO - Chapter 6 (en) already exists, no change needed
[2025-05-15T21:10:08.545+0000] {log.py:232} WARNING - 2025-05-15 21:10:08,544 - INFO: Processing manga e7fa5fe6-7988-4f69-a6b8-7f5c34ade5d4, chapter 7 (en)
[2025-05-15T21:10:08.544+0000] {update_sequential.py:209} INFO - Processing manga e7fa5fe6-7988-4f69-a6b8-7f5c34ade5d4, chapter 7 (en)
[2025-05-15T21:10:08.546+0000] {log.py:232} WARNING - 2025-05-15 21:10:08,546 - INFO: Chapter 7 (en) already exists, no change needed
[2025-05-15T21:10:08.546+0000] {update_sequential.py:237} INFO - Chapter 7 (en) already exists, no change needed
[2025-05-15T21:10:08.547+0000] {log.py:232} WARNING - 2025-05-15 21:10:08,547 - INFO: Processing manga e7fa5fe6-7988-4f69-a6b8-7f5c34ade5d4, chapter 8 (en)
[2025-05-15T21:10:08.547+0000] {update_sequential.py:209} INFO - Processing manga e7fa5fe6-7988-4f69-a6b8-7f5c34ade5d4, chapter 8 (en)
[2025-05-15T21:10:08.548+0000] {log.py:232} WARNING - 2025-05-15 21:10:08,548 - INFO: Chapter 8 (en) already exists, no change needed
[2025-05-15T21:10:08.548+0000] {update_sequential.py:237} INFO - Chapter 8 (en) already exists, no change needed
[2025-05-15T21:10:08.548+0000] {log.py:232} WARNING - 2025-05-15 21:10:08,548 - INFO: Processing manga e7fa5fe6-7988-4f69-a6b8-7f5c34ade5d4, chapter 9 (en)
[2025-05-15T21:10:08.548+0000] {update_sequential.py:209} INFO - Processing manga e7fa5fe6-7988-4f69-a6b8-7f5c34ade5d4, chapter 9 (en)
[2025-05-15T21:10:08.550+0000] {log.py:232} WARNING - 2025-05-15 21:10:08,550 - INFO: Chapter 9 (en) already exists, no change needed
[2025-05-15T21:10:08.550+0000] {update_sequential.py:237} INFO - Chapter 9 (en) already exists, no change needed
[2025-05-15T21:10:08.551+0000] {log.py:232} WARNING - 2025-05-15 21:10:08,551 - INFO: Processing manga e7fa5fe6-7988-4f69-a6b8-7f5c34ade5d4, chapter 10 (en)
[2025-05-15T21:10:08.551+0000] {update_sequential.py:209} INFO - Processing manga e7fa5fe6-7988-4f69-a6b8-7f5c34ade5d4, chapter 10 (en)
[2025-05-15T21:10:08.552+0000] {log.py:232} WARNING - 2025-05-15 21:10:08,552 - INFO: Chapter 10 (en) already exists, no change needed
[2025-05-15T21:10:08.552+0000] {update_sequential.py:237} INFO - Chapter 10 (en) already exists, no change needed
[2025-05-15T21:10:08.553+0000] {log.py:232} WARNING - 2025-05-15 21:10:08,552 - INFO: Processing manga e7fa5fe6-7988-4f69-a6b8-7f5c34ade5d4, chapter 11 (en)
[2025-05-15T21:10:08.552+0000] {update_sequential.py:209} INFO - Processing manga e7fa5fe6-7988-4f69-a6b8-7f5c34ade5d4, chapter 11 (en)
[2025-05-15T21:10:08.553+0000] {log.py:232} WARNING - 2025-05-15 21:10:08,553 - INFO: Chapter 11 (en) already exists, no change needed
[2025-05-15T21:10:08.553+0000] {update_sequential.py:237} INFO - Chapter 11 (en) already exists, no change needed
[2025-05-15T21:10:08.554+0000] {log.py:232} WARNING - 2025-05-15 21:10:08,554 - INFO: Processing manga 051f9e5b-72d9-4d32-ac41-2441c2c03a67, chapter 0 (en)
[2025-05-15T21:10:08.554+0000] {update_sequential.py:209} INFO - Processing manga 051f9e5b-72d9-4d32-ac41-2441c2c03a67, chapter 0 (en)
[2025-05-15T21:10:08.555+0000] {log.py:232} WARNING - 2025-05-15 21:10:08,555 - INFO: Chapter 0 (en) already exists, no change needed
[2025-05-15T21:10:08.555+0000] {update_sequential.py:237} INFO - Chapter 0 (en) already exists, no change needed
[2025-05-15T21:10:08.846+0000] {log.py:232} WARNING - 2025-05-15 21:10:08,845 - INFO: Database update complete
[2025-05-15T21:10:08.845+0000] {update_sequential.py:265} INFO - Database update complete
[2025-05-15T21:10:08.848+0000] {log.py:232} WARNING - 2025-05-15 21:10:08,848 - INFO: Total chapters added/updated: 24
[2025-05-15T21:10:08.848+0000] {update_sequential.py:269} INFO - Total chapters added/updated: 24
[2025-05-15T21:10:08.850+0000] {log.py:232} WARNING - 2025-05-15 21:10:08,850 - INFO: Total chapters replaced with English translations: 0
[2025-05-15T21:10:08.850+0000] {update_sequential.py:270} INFO - Total chapters replaced with English translations: 0
[2025-05-15T21:10:08.851+0000] {log.py:232} WARNING - 2025-05-15 21:10:08,851 - ERROR: Failed to register chapter update for rollback: Boolean value of this clause is not defined
[2025-05-15T21:10:08.851+0000] {update_manga_database_dag.py:159} ERROR - Failed to register chapter update for rollback: Boolean value of this clause is not defined
[2025-05-15T21:10:08.852+0000] {log.py:232} WARNING - 2025-05-15 21:10:08,852 - ERROR: Update failed: Boolean value of this clause is not defined
[2025-05-15T21:10:08.852+0000] {update_manga_database_dag.py:441} ERROR - Update failed: Boolean value of this clause is not defined
[2025-05-15T21:10:08.853+0000] {log.py:232} WARNING - 2025-05-15 21:10:08,852 - WARNING: Starting transaction rollback
[2025-05-15T21:10:08.852+0000] {update_manga_database_dag.py:188} WARNING - Starting transaction rollback
[2025-05-15T21:10:08.853+0000] {taskinstance.py:3313} ERROR - Task failed with exception
Traceback (most recent call last):
  File "/opt/airflow/dags/update_manga_database_dag.py", line 419, in update_all_databases
    transaction.register_chapter_update(updated_or_added_chapters, replaced_chapters)
  File "/opt/airflow/dags/update_manga_database_dag.py", line 139, in register_chapter_update
    if not self.chapter_table:
           ^^^^^^^^^^^^^^^^^^
  File "/home/airflow/.local/lib/python3.12/site-packages/sqlalchemy/sql/elements.py", line 591, in __bool__
    raise TypeError("Boolean value of this clause is not defined")
TypeError: Boolean value of this clause is not defined

During handling of the above exception, another exception occurred:

Traceback (most recent call last):
  File "/home/airflow/.local/lib/python3.12/site-packages/airflow/models/taskinstance.py", line 768, in _execute_task
    result = _execute_callable(context=context, **execute_callable_kwargs)
             ^^^^^^^^^^^^^^^^^^^^^^^^^^^^^^^^^^^^^^^^^^^^^^^^^^^^^^^^^^^^^
  File "/home/airflow/.local/lib/python3.12/site-packages/airflow/models/taskinstance.py", line 734, in _execute_callable
    return ExecutionCallableRunner(
           ^^^^^^^^^^^^^^^^^^^^^^^^
  File "/home/airflow/.local/lib/python3.12/site-packages/airflow/utils/operator_helpers.py", line 252, in run
    return self.func(*args, **kwargs)
           ^^^^^^^^^^^^^^^^^^^^^^^^^^
  File "/home/airflow/.local/lib/python3.12/site-packages/airflow/models/baseoperator.py", line 424, in wrapper
    return func(self, *args, **kwargs)
           ^^^^^^^^^^^^^^^^^^^^^^^^^^^
  File "/home/airflow/.local/lib/python3.12/site-packages/airflow/decorators/base.py", line 266, in execute
    return_value = super().execute(context)
                   ^^^^^^^^^^^^^^^^^^^^^^^^
  File "/home/airflow/.local/lib/python3.12/site-packages/airflow/models/baseoperator.py", line 424, in wrapper
    return func(self, *args, **kwargs)
           ^^^^^^^^^^^^^^^^^^^^^^^^^^^
  File "/home/airflow/.local/lib/python3.12/site-packages/airflow/operators/python.py", line 238, in execute
    return_value = self.execute_callable()
                   ^^^^^^^^^^^^^^^^^^^^^^^
  File "/home/airflow/.local/lib/python3.12/site-packages/airflow/operators/python.py", line 256, in execute_callable
    return runner.run(*self.op_args, **self.op_kwargs)
           ^^^^^^^^^^^^^^^^^^^^^^^^^^^^^^^^^^^^^^^^^^^
  File "/home/airflow/.local/lib/python3.12/site-packages/airflow/utils/operator_helpers.py", line 252, in run
    return self.func(*args, **kwargs)
           ^^^^^^^^^^^^^^^^^^^^^^^^^^
  File "/opt/airflow/dags/update_manga_database_dag.py", line 442, in update_all_databases
    transaction.rollback()
  File "/opt/airflow/dags/update_manga_database_dag.py", line 194, in rollback
    if not self.mongo_collection and self.mongo_uri and self.mongo_db and self.mongo_collection_name:
           ^^^^^^^^^^^^^^^^^^^^^
  File "/home/airflow/.local/lib/python3.12/site-packages/pymongo/synchronous/collection.py", line 311, in __bool__
    raise NotImplementedError(
NotImplementedError: Collection objects do not implement truth value testing or bool(). Please compare with None instead: collection is not None
[2025-05-15T21:10:08.863+0000] {logging_mixin.py:190} INFO - Task instance in failure state
[2025-05-15T21:10:08.864+0000] {logging_mixin.py:190} INFO - Task start:2025-05-15 21:09:55.403777+00:00 end:2025-05-15 21:10:08.863484+00:00 duration:13.459707
[2025-05-15T21:10:08.865+0000] {logging_mixin.py:190} INFO - Task:<Task(_PythonDecoratedOperator): update_all_databases> dag:<DAG: update_manga_database> dagrun:<DagRun update_manga_database @ 2025-05-15 21:09:07.164618+00:00: manual__2025-05-15T21:09:07.164618+00:00, state:running, queued_at: 2025-05-15 21:09:07.200229+00:00. externally triggered: True>
[2025-05-15T21:10:08.865+0000] {logging_mixin.py:190} INFO - Failure caused by Collection objects do not implement truth value testing or bool(). Please compare with None instead: collection is not None
[2025-05-15T21:10:08.865+0000] {taskinstance.py:1226} INFO - Marking task as FAILED. dag_id=update_manga_database, task_id=update_all_databases, run_id=manual__2025-05-15T21:09:07.164618+00:00, execution_date=20250515T210907, start_date=20250515T210955, end_date=20250515T211008
[2025-05-15T21:10:08.890+0000] {taskinstance.py:341} INFO - ::group::Post task execution logs
[2025-05-15T21:10:08.891+0000] {standard_task_runner.py:124} ERROR - Failed to execute job 36 for task update_all_databases (Collection objects do not implement truth value testing or bool(). Please compare with None instead: collection is not None; 2748)
Traceback (most recent call last):
  File "/opt/airflow/dags/update_manga_database_dag.py", line 419, in update_all_databases
    transaction.register_chapter_update(updated_or_added_chapters, replaced_chapters)
  File "/opt/airflow/dags/update_manga_database_dag.py", line 139, in register_chapter_update
    if not self.chapter_table:
           ^^^^^^^^^^^^^^^^^^
  File "/home/airflow/.local/lib/python3.12/site-packages/sqlalchemy/sql/elements.py", line 591, in __bool__
    raise TypeError("Boolean value of this clause is not defined")
TypeError: Boolean value of this clause is not defined

During handling of the above exception, another exception occurred:

Traceback (most recent call last):
  File "/home/airflow/.local/lib/python3.12/site-packages/airflow/task/task_runner/standard_task_runner.py", line 117, in _start_by_fork
    ret = args.func(args, dag=self.dag)
          ^^^^^^^^^^^^^^^^^^^^^^^^^^^^^
  File "/home/airflow/.local/lib/python3.12/site-packages/airflow/cli/cli_config.py", line 49, in command
    return func(*args, **kwargs)
           ^^^^^^^^^^^^^^^^^^^^^
  File "/home/airflow/.local/lib/python3.12/site-packages/airflow/utils/cli.py", line 116, in wrapper
    return f(*args, **kwargs)
           ^^^^^^^^^^^^^^^^^^
  File "/home/airflow/.local/lib/python3.12/site-packages/airflow/cli/commands/task_command.py", line 483, in task_run
    task_return_code = _run_task_by_selected_method(args, _dag, ti)
                       ^^^^^^^^^^^^^^^^^^^^^^^^^^^^^^^^^^^^^^^^^^^^
  File "/home/airflow/.local/lib/python3.12/site-packages/airflow/cli/commands/task_command.py", line 256, in _run_task_by_selected_method
    return _run_raw_task(args, ti)
           ^^^^^^^^^^^^^^^^^^^^^^^
  File "/home/airflow/.local/lib/python3.12/site-packages/airflow/cli/commands/task_command.py", line 341, in _run_raw_task
    return ti._run_raw_task(
           ^^^^^^^^^^^^^^^^^
  File "/home/airflow/.local/lib/python3.12/site-packages/airflow/utils/session.py", line 97, in wrapper
    return func(*args, session=session, **kwargs)
           ^^^^^^^^^^^^^^^^^^^^^^^^^^^^^^^^^^^^^^
  File "/home/airflow/.local/lib/python3.12/site-packages/airflow/models/taskinstance.py", line 3006, in _run_raw_task
    return _run_raw_task(
           ^^^^^^^^^^^^^^
  File "/home/airflow/.local/lib/python3.12/site-packages/airflow/models/taskinstance.py", line 274, in _run_raw_task
    TaskInstance._execute_task_with_callbacks(
  File "/home/airflow/.local/lib/python3.12/site-packages/airflow/models/taskinstance.py", line 3161, in _execute_task_with_callbacks
    result = self._execute_task(context, task_orig)
             ^^^^^^^^^^^^^^^^^^^^^^^^^^^^^^^^^^^^^^
  File "/home/airflow/.local/lib/python3.12/site-packages/airflow/models/taskinstance.py", line 3185, in _execute_task
    return _execute_task(self, context, task_orig)
           ^^^^^^^^^^^^^^^^^^^^^^^^^^^^^^^^^^^^^^^
  File "/home/airflow/.local/lib/python3.12/site-packages/airflow/models/taskinstance.py", line 768, in _execute_task
    result = _execute_callable(context=context, **execute_callable_kwargs)
             ^^^^^^^^^^^^^^^^^^^^^^^^^^^^^^^^^^^^^^^^^^^^^^^^^^^^^^^^^^^^^
  File "/home/airflow/.local/lib/python3.12/site-packages/airflow/models/taskinstance.py", line 734, in _execute_callable
    return ExecutionCallableRunner(
           ^^^^^^^^^^^^^^^^^^^^^^^^
  File "/home/airflow/.local/lib/python3.12/site-packages/airflow/utils/operator_helpers.py", line 252, in run
    return self.func(*args, **kwargs)
           ^^^^^^^^^^^^^^^^^^^^^^^^^^
  File "/home/airflow/.local/lib/python3.12/site-packages/airflow/models/baseoperator.py", line 424, in wrapper
    return func(self, *args, **kwargs)
           ^^^^^^^^^^^^^^^^^^^^^^^^^^^
  File "/home/airflow/.local/lib/python3.12/site-packages/airflow/decorators/base.py", line 266, in execute
    return_value = super().execute(context)
                   ^^^^^^^^^^^^^^^^^^^^^^^^
  File "/home/airflow/.local/lib/python3.12/site-packages/airflow/models/baseoperator.py", line 424, in wrapper
    return func(self, *args, **kwargs)
           ^^^^^^^^^^^^^^^^^^^^^^^^^^^
  File "/home/airflow/.local/lib/python3.12/site-packages/airflow/operators/python.py", line 238, in execute
    return_value = self.execute_callable()
                   ^^^^^^^^^^^^^^^^^^^^^^^
  File "/home/airflow/.local/lib/python3.12/site-packages/airflow/operators/python.py", line 256, in execute_callable
    return runner.run(*self.op_args, **self.op_kwargs)
           ^^^^^^^^^^^^^^^^^^^^^^^^^^^^^^^^^^^^^^^^^^^
  File "/home/airflow/.local/lib/python3.12/site-packages/airflow/utils/operator_helpers.py", line 252, in run
    return self.func(*args, **kwargs)
           ^^^^^^^^^^^^^^^^^^^^^^^^^^
  File "/opt/airflow/dags/update_manga_database_dag.py", line 442, in update_all_databases
    transaction.rollback()
  File "/opt/airflow/dags/update_manga_database_dag.py", line 194, in rollback
    if not self.mongo_collection and self.mongo_uri and self.mongo_db and self.mongo_collection_name:
           ^^^^^^^^^^^^^^^^^^^^^
  File "/home/airflow/.local/lib/python3.12/site-packages/pymongo/synchronous/collection.py", line 311, in __bool__
    raise NotImplementedError(
NotImplementedError: Collection objects do not implement truth value testing or bool(). Please compare with None instead: collection is not None
[2025-05-15T21:10:08.914+0000] {local_task_job_runner.py:266} INFO - Task exited with return code 1
[2025-05-15T21:10:08.927+0000] {taskinstance.py:3901} INFO - 0 downstream tasks scheduled from follow-on schedule check
[2025-05-15T21:10:08.935+0000] {local_task_job_runner.py:245} INFO - ::endgroup::
